<?xml version="1.0" encoding="UTF-8"?>
<testsuite name="summaryIExercise10.TestSummaryIExercise10" tests="4" skipped="0" failures="0" errors="0" timestamp="2025-07-15T15:37:47" hostname="ADMIN-PC" time="0.043">
  <properties/>
  <testcase name="testSnake2" classname="summaryIExercise10.TestSummaryIExercise10" time="0.027"/>
  <testcase name="testSnake3" classname="summaryIExercise10.TestSummaryIExercise10" time="0.003"/>
  <testcase name="testSnake4" classname="summaryIExercise10.TestSummaryIExercise10" time="0.003"/>
  <testcase name="testSnake5" classname="summaryIExercise10.TestSummaryIExercise10" time="0.01"/>
  <system-out><![CDATA[]]></system-out>
  <system-err><![CDATA[]]></system-err>
</testsuite>
